<?xml version="1.0" encoding="UTF-8"?><testsuite errors="1" failures="0" name="User Sign In" skipped="0" tests="1" time="23.6" timestamp="2020-07-20 05:52:31"><testcase name="AdvantageDemo Platform Sign in"><error message="Keys to send should be a not null CharSequence" type="java.lang.IllegalArgumentException">Keys to send should be a not null CharSequence</error><system-err>Keys to send should be a not null CharSequence&#13;
com.advantageonlineshop.advantagedemosuite.tasks.Complete.performAs(Complete.java:26)&#13;
com.advantageonlineshop.advantagedemosuite.stepdefinitions.SignIn.iFillAllTheRequiredFields(SignIn.java:52)&#13;
cucumber.runner.Runner.runPickle(Runner.java:80)&#13;
</system-err></testcase></testsuite>