<?xml version="1.0" encoding="UTF-8"?><testsuite errors="1" failures="1" name="AdvantageDemo Suite" skipped="0" tests="3" time="30.47" timestamp="2020-07-04 05:46:49"><testcase name="AdvantageDemo Platform Sign in"><error message="element click intercepted: Element &lt;a id=&quot;menuUserLink&quot; aria-label=&quot;UserMenu&quot; href=&quot;javascript:void(0)&quot; role=&quot;link&quot; class=&quot;img&quot; data-ng-click=&quot;login('loginMiniTitle')&quot; data-ng-mouseenter=&quot;miniTitleIn('loginMiniTitle')&quot; data-ng-mouseleave=&quot;miniTitleOut('loginMiniTitle')&quot;&gt;...&lt;/a&gt; is not clickable at point (1222, 34). Other element would receive the click: &lt;div class=&quot;loader&quot; style=&quot;display: block; opacity: 1;&quot;&gt;...&lt;/div&gt;&#10;  (Session info: chrome=83.0.4103.116)&#10;Build info: version: '3.141.59', revision: 'e82be7d358', time: '2018-11-14T08:17:03'&#10;System info: host: 'LAPTOP-NFM24RP9', ip: '192.168.1.6', os.name: 'Windows 10', os.arch: 'amd64', os.version: '10.0', java.version: '1.8.0_241'&#10;Driver info: org.openqa.selenium.remote.RemoteWebDriver&#10;Capabilities {acceptInsecureCerts: false, browserName: chrome, browserVersion: 83.0.4103.116, chrome: {chromedriverVersion: 83.0.4103.39 (ccbf011cb2d2b..., userDataDir: C:\Users\lenix\AppData\Loca...}, goog:chromeOptions: {debuggerAddress: localhost:62127}, javascriptEnabled: true, networkConnectionEnabled: false, pageLoadStrategy: normal, platform: WINDOWS, platformName: WINDOWS, proxy: Proxy(), setWindowRect: true, strictFileInteractability: false, timeouts: {implicit: 0, pageLoad: 300000, script: 30000}, unhandledPromptBehavior: dismiss and notify, webauthn:virtualAuthenticators: true}&#10;Session ID: 33267cda5a4c5852a6e6357f25870041" type="org.openqa.selenium.ElementClickInterceptedException">element click intercepted: Element &lt;a id="menuUserLink" aria-label="UserMenu" href="javascript:void(0)" role="link" class="img" data-ng-click="login('loginMiniTitle')" data-ng-mouseenter="miniTitleIn('loginMiniTitle')" data-ng-mouseleave="miniTitleOut('loginMiniTitle')"&gt;...&lt;/a&gt; is not clickable at point (1222, 34). Other element would receive the click: &lt;div class="loader" style="display: block; opacity: 1;"&gt;...&lt;/div&gt;
  (Session info: chrome=83.0.4103.116)
Build info: version: '3.141.59', revision: 'e82be7d358', time: '2018-11-14T08:17:03'
System info: host: 'LAPTOP-NFM24RP9', ip: '192.168.1.6', os.name: 'Windows 10', os.arch: 'amd64', os.version: '10.0', java.version: '1.8.0_241'
Driver info: org.openqa.selenium.remote.RemoteWebDriver
Capabilities {acceptInsecureCerts: false, browserName: chrome, browserVersion: 83.0.4103.116, chrome: {chromedriverVersion: 83.0.4103.39 (ccbf011cb2d2b..., userDataDir: C:\Users\lenix\AppData\Loca...}, goog:chromeOptions: {debuggerAddress: localhost:62127}, javascriptEnabled: true, networkConnectionEnabled: false, pageLoadStrategy: normal, platform: WINDOWS, platformName: WINDOWS, proxy: Proxy(), setWindowRect: true, strictFileInteractability: false, timeouts: {implicit: 0, pageLoad: 300000, script: 30000}, unhandledPromptBehavior: dismiss and notify, webauthn:virtualAuthenticators: true}
Session ID: 33267cda5a4c5852a6e6357f25870041</error><system-err>element click intercepted: Element &lt;a id="menuUserLink" aria-label="UserMenu" href="javascript:void(0)" role="link" class="img" data-ng-click="login('loginMiniTitle')" data-ng-mouseenter="miniTitleIn('loginMiniTitle')" data-ng-mouseleave="miniTitleOut('loginMiniTitle')"&gt;...&lt;/a&gt; is not clickable at point (1222, 34). Other element would receive the click: &lt;div class="loader" style="display: block; opacity: 1;"&gt;...&lt;/div&gt;
  (Session info: chrome=83.0.4103.116)
Build info: version: '3.141.59', revision: 'e82be7d358', time: '2018-11-14T08:17:03'
System info: host: 'LAPTOP-NFM24RP9', ip: '192.168.1.6', os.name: 'Windows 10', os.arch: 'amd64', os.version: '10.0', java.version: '1.8.0_241'
Driver info: org.openqa.selenium.remote.RemoteWebDriver
Capabilities {acceptInsecureCerts: false, browserName: chrome, browserVersion: 83.0.4103.116, chrome: {chromedriverVersion: 83.0.4103.39 (ccbf011cb2d2b..., userDataDir: C:\Users\lenix\AppData\Loca...}, goog:chromeOptions: {debuggerAddress: localhost:62127}, javascriptEnabled: true, networkConnectionEnabled: false, pageLoadStrategy: normal, platform: WINDOWS, platformName: WINDOWS, proxy: Proxy(), setWindowRect: true, strictFileInteractability: false, timeouts: {implicit: 0, pageLoad: 300000, script: 30000}, unhandledPromptBehavior: dismiss and notify, webauthn:virtualAuthenticators: true}
Session ID: 33267cda5a4c5852a6e6357f25870041&#13;
com.advantageonlineshop.advantagedemosuite.tasks.Get.performAs(Get.java:17)&#13;
com.advantageonlineshop.advantagedemosuite.stepdefinitions.AdvantageDemoStepDefinitions.heSignsInWithUsernameEmailAndPassword(AdvantageDemoStepDefinitions.java:46)&#13;
cucumber.runner.Runner.runPickle(Runner.java:80)&#13;
</system-err></testcase><testcase name="AdvantageDemo Platform Log in"><failure message="The username isn't equal expected:&lt;[rosgordo]&gt; but was:&lt;[Username icon]&gt;" type="org.junit.ComparisonFailure">The username isn't equal expected:&lt;[rosgordo]&gt; but was:&lt;[Username icon]&gt;</failure><system-err>The username isn't equal expected:&lt;[rosgordo]&gt; but was:&lt;[Username icon]&gt;&#13;
com.advantageonlineshop.advantagedemosuite.tasks.Check.performAs(Check.java:18)&#13;
com.advantageonlineshop.advantagedemosuite.stepdefinitions.AdvantageDemoStepDefinitions.heShouldBeSuccessfullyLoggedOnWithUsername(AdvantageDemoStepDefinitions.java:50)&#13;
cucumber.runner.Runner.runPickle(Runner.java:80)&#13;
</system-err></testcase><testcase name="Add a product in shopping cart"/></testsuite>